{
  "RSpec": {
    "coverage": {
      "/Volumes/machd/to_backup/repositories/open_source/arrayfu/lib/arrayfu.rb": [
        1,
        1,
        1,
        1,
        1,
        1,
        1,
        1,
        1,
        1,
        1
      ],
      "/Volumes/machd/to_backup/repositories/open_source/arrayfu/lib/arrayfu/initializer.rb": [
        1,
        1,
        1,
        102,
        212,
        null,
        null,
        null,
        1,
        200,
        null,
        null,
        1,
        4,
        null,
        null,
        1,
        105,
        null,
        null,
        null
      ],
      "/Volumes/machd/to_backup/repositories/open_source/arrayfu/lib/arrayfu/item_constraint.rb": [
        1,
        1,
        1,
        1,
        null,
        1,
        8,
        8,
        null,
        null,
        1,
        15,
        15,
        13,
        null,
        null,
        null
      ],
      "/Volumes/machd/to_backup/repositories/open_source/arrayfu/lib/arrayfu/array_definition.rb": [
        1,
        null,
        1,
        1,
        null,
        null,
        1,
        null,
        1,
        null,
        1,
        null,
        1,
        null,
        1,
        null,
        null,
        1,
        null,
        null,
        null,
        null,
        null,
        null,
        1,
        35,
        35,
        35,
        null,
        null,
        null,
        null,
        null,
        null,
        null,
        null,
        null,
        null,
        null,
        null,
        null,
        null,
        null,
        null,
        null,
        null,
        null,
        null,
        null,
        1,
        1,
        1,
        null,
        null,
        null,
        null,
        1,
        3,
        null,
        null,
        null,
        1,
        18,
        null,
        null,
        null,
        1,
        29,
        null,
        null,
        null,
        1,
        29,
        null,
        null,
        null,
        null,
        null,
        null,
        null,
        null,
        null,
        null,
        null,
        null,
        null,
        null,
        null,
        null,
        null,
        null,
        null,
        null,
        null,
        null,
        null,
        null,
        null,
        null,
        null,
        null,
        null,
        null,
        null,
        null,
        null,
        null,
        null,
        null,
        null,
        null,
        null,
        null,
        null,
        null,
        null,
        null,
        null,
        1,
        8,
        11,
        11,
        null,
        null,
        null,
        null,
        null,
        null,
        null,
        null,
        null,
        null,
        null,
        null,
        null,
        null,
        null,
        null,
        null,
        null,
        null,
        null,
        null,
        null,
        null,
        null,
        null,
        null,
        null,
        null,
        null,
        null,
        null,
        null,
        null,
        null,
        null,
        null,
        null,
        null,
        null,
        null,
        null,
        null,
        null,
        null,
        null,
        null,
        null,
        null,
        null,
        null,
        null,
        null,
        null,
        null,
        null,
        null,
        null,
        null,
        null,
        null,
        1,
        32,
        41,
        null,
        null,
        null,
        null,
        1,
        1,
        null,
        1,
        null,
        null,
        null,
        null,
        1,
        30,
        null,
        null,
        null,
        1,
        55,
        null,
        null,
        null,
        1,
        30,
        null,
        null,
        null,
        null,
        null,
        null,
        null,
        null,
        null,
        null,
        null,
        null,
        1,
        6,
        null,
        1,
        null,
        1,
        7,
        null,
        null,
        null,
        1,
        84,
        null,
        null,
        null
      ],
      "/Volumes/machd/to_backup/repositories/open_source/arrayfu/lib/arrayfu/module_registry.rb": [
        1,
        1,
        1,
        null,
        28,
        null,
        null,
        null,
        null,
        null,
        null,
        1,
        28,
        112,
        null,
        null,
        null,
        null
      ],
      "/Volumes/machd/to_backup/repositories/open_source/arrayfu/lib/arrayfu/mutator_definition.rb": [
        1,
        1,
        1,
        1,
        null,
        1,
        38,
        38,
        null,
        null,
        1,
        5,
        null,
        null,
        null
      ],
      "/Volumes/machd/to_backup/repositories/open_source/arrayfu/lib/arrayfu/generate_mutators.rb": [
        1,
        1,
        1,
        null,
        1,
        30,
        30,
        59,
        55,
        55,
        null,
        55,
        12,
        null,
        null,
        53,
        null,
        46,
        5,
        null,
        41,
        null,
        null,
        null,
        null,
        null,
        null,
        null
      ],
      "/Volumes/machd/to_backup/repositories/open_source/arrayfu/lib/arrayfu/generate_readers.rb": [
        1,
        1,
        1,
        null,
        1,
        29,
        29,
        23,
        21,
        null,
        null,
        null,
        null,
        null,
        null
      ],
      "/Volumes/machd/to_backup/repositories/open_source/arrayfu/lib/arrayfu/visitor_definition.rb": [
        1,
        1,
        1,
        1,
        null,
        1,
        6,
        6,
        null,
        null,
        1,
        42,
        21,
        null,
        21,
        null,
        null,
        null,
        null
      ],
      "/Volumes/machd/to_backup/repositories/open_source/arrayfu/lib/arrayfu/generate_visitors.rb": [
        1,
        1,
        1,
        null,
        1,
        30,
        30,
        11,
        6,
        6,
        42,
        null,
        null,
        null,
        null,
        null,
        null,
        null
      ],
      "/Volumes/machd/to_backup/repositories/open_source/arrayfu/lib/arrayfu/generate_writers.rb": [
        1,
        1,
        1,
        null,
        1,
        29,
        29,
        3,
        2,
        null,
        null,
        null,
        null,
        null,
        null
      ],
      "/Volumes/machd/to_backup/repositories/open_source/arrayfu/lib/arrayfu/arrayfu.rb": [
        null,
        null,
        1,
        1,
        null,
        1,
        26,
        null,
        null,
        null,
        null,
        null,
        null,
        null,
        null,
        null,
        null,
        null,
        null,
        null,
        null,
        null,
        null,
        null,
        null,
        null,
        null,
        null,
        null,
        null,
        1,
        27,
        28,
        28,
        null,
        null,
        null,
        null,
        null,
        null,
        null,
        null,
        null,
        null,
        null,
        null,
        null,
        null,
        null,
        null,
        null,
        null,
        null,
        null,
        null,
        null,
        null,
        null,
        null,
        null,
        null,
        null,
        null,
        null,
        null,
        null,
        null,
        null,
        null,
        null,
        null,
        null,
        null,
        null,
        null,
        null,
        null,
        null,
        null,
        null,
        1,
        2,
        null,
        null,
        1,
        1,
        56,
        null,
        null,
        1,
        27,
        null,
        null,
        1,
        29,
        null,
        null,
        1,
        29,
        29,
        29,
        null,
        null,
        null
      ],
      "/Volumes/machd/to_backup/repositories/open_source/arrayfu/spec/spec_helper.rb": [
        1,
        1,
        null,
        1,
        1,
        1,
        1,
        null,
        1,
        null,
        1,
        1,
        null,
        null,
        1,
        1,
        null,
        1,
        4,
        null,
        null,
        null,
        null,
        1,
        2,
        2,
        null,
        2,
        null,
        2,
        null,
        null,
        1,
        0,
        0,
        0,
        null,
        null,
        null
      ],
      "/Volumes/machd/to_backup/repositories/open_source/arrayfu/spec/specs/array_definition_spec.rb": [
        1,
        null,
        1,
        1,
        1,
        2,
        2,
        2,
        2,
        1,
        1,
        null,
        1,
        1,
        null,
        1,
        1,
        null,
        null,
        1,
        1,
        2,
        2,
        2,
        1,
        1,
        null,
        1,
        1,
        null,
        1,
        1,
        null,
        null,
        1,
        2,
        2,
        1,
        1,
        1,
        null,
        1,
        1,
        null,
        1,
        1,
        null,
        null,
        null,
        null,
        1,
        2,
        2,
        2,
        2,
        1,
        1,
        null,
        1,
        1,
        null,
        1,
        1,
        null,
        null,
        null,
        1,
        1,
        2,
        2,
        2,
        null,
        1,
        2,
        2,
        null,
        null,
        1,
        1,
        null,
        null,
        1,
        1,
        1,
        null,
        null,
        null,
        1,
        1,
        1,
        2,
        1,
        1,
        1,
        null,
        null,
        1,
        3,
        null,
        null,
        1,
        1,
        1,
        null,
        null,
        null,
        1,
        2,
        2,
        1,
        1,
        2,
        null,
        null,
        1,
        2,
        null,
        null,
        1,
        1,
        1,
        null,
        null,
        null,
        null,
        null
      ],
      "/Volumes/machd/to_backup/repositories/open_source/arrayfu/spec/specs/dsl_usage_spec.rb": [
        1,
        null,
        1,
        1,
        1,
        1,
        1,
        1,
        null,
        1,
        1,
        1,
        null,
        null,
        null,
        1,
        1,
        1,
        1,
        null,
        1,
        1,
        1,
        1,
        null,
        1,
        1,
        1,
        1,
        1,
        1,
        null,
        null,
        null,
        1,
        1,
        1,
        null,
        null,
        null,
        1,
        1,
        1,
        1,
        1,
        null,
        null,
        1,
        1,
        1,
        null,
        1,
        null,
        1,
        1,
        null,
        1,
        1,
        null,
        null,
        null,
        1,
        1,
        1,
        null,
        1,
        1,
        1,
        null,
        null,
        1,
        1,
        1,
        null,
        null,
        null,
        null,
        1,
        1,
        1,
        1,
        1,
        null,
        null,
        1,
        1,
        1,
        1,
        null,
        1,
        1,
        1,
        null,
        null,
        1,
        2,
        2,
        null,
        null,
        null,
        1,
        1,
        1,
        null,
        1,
        1,
        null,
        null,
        null,
        1,
        1,
        1,
        1,
        1,
        1,
        null,
        null,
        null,
        1,
        1,
        1,
        1,
        1,
        null,
        1,
        1,
        1,
        null,
        null,
        null,
        1,
        1,
        1,
        1,
        null,
        null,
        null,
        1,
        1,
        1,
        1,
        1,
        null,
        1,
        1,
        1,
        1,
        null,
        null,
        null,
        1,
        1,
        1,
        null,
        null,
        null,
        1,
        1,
        1,
        1,
        null,
        null,
        null,
        null,
        1,
        1,
        1,
        1,
        4,
        null,
        1,
        4,
        null,
        null,
        1,
        1,
        1,
        1,
        1,
        2,
        null,
        null,
        1,
        1,
        null,
        1,
        1,
        1,
        1,
        null,
        null,
        3,
        1,
        2,
        2,
        null,
        null,
        null,
        1,
        1,
        null,
        1,
        1,
        null,
        null,
        null,
        1,
        1,
        1,
        1,
        1,
        2,
        null,
        null,
        1,
        1,
        null,
        1,
        1,
        1,
        1,
        null,
        null,
        3,
        1,
        2,
        null,
        1,
        1,
        null,
        null,
        1,
        1,
        null,
        null,
        null,
        null,
        null,
        null,
        null
      ],
      "/Volumes/machd/to_backup/repositories/open_source/arrayfu/spec/specs/generate_mutators_spec.rb": [
        1,
        null,
        1,
        1,
        1,
        3,
        3,
        1,
        3,
        3,
        null,
        1,
        1,
        1,
        null,
        1,
        1,
        null,
        1,
        1,
        1,
        1,
        null,
        null,
        1,
        1,
        1,
        1,
        null,
        null,
        1,
        1,
        null,
        1,
        1,
        1,
        1,
        1,
        null,
        null,
        null,
        null,
        null,
        null,
        null
      ],
      "/Volumes/machd/to_backup/repositories/open_source/arrayfu/spec/specs/generate_readers_spec.rb": [
        1,
        null,
        1,
        1,
        1,
        2,
        1,
        2,
        2,
        null,
        1,
        1,
        1,
        null,
        1,
        1,
        null,
        1,
        1,
        null,
        null,
        null,
        null,
        null
      ],
      "/Volumes/machd/to_backup/repositories/open_source/arrayfu/spec/specs/generate_visitors_spec.rb": [
        1,
        null,
        1,
        1,
        1,
        1,
        null,
        1,
        2,
        null,
        null,
        1,
        20,
        null,
        null,
        1,
        1,
        10,
        null,
        1,
        10,
        null,
        null,
        1,
        1,
        2,
        1,
        2,
        2,
        2,
        1,
        11,
        1,
        null,
        1,
        1,
        null,
        null,
        1,
        1,
        1,
        null,
        null,
        1,
        1,
        1,
        1,
        1,
        null,
        1,
        10,
        null,
        null,
        2,
        2,
        1,
        1,
        2,
        2,
        null,
        1,
        11,
        1,
        null,
        1,
        1,
        null,
        null,
        1,
        1,
        11,
        null,
        null,
        null,
        null,
        null
      ],
      "/Volumes/machd/to_backup/repositories/open_source/arrayfu/spec/specs/generate_writers_step_spec.rb": [
        1,
        null,
        1,
        1,
        1,
        1,
        2,
        1,
        2,
        2,
        1,
        1,
        null,
        1,
        1,
        null,
        1,
        1,
        1,
        1,
        1,
        null,
        1,
        null,
        null,
        null,
        null,
        null
      ],
      "/Volumes/machd/to_backup/repositories/open_source/arrayfu/spec/specs/initializer_spec.rb": [
        1,
        null,
        1,
        1,
        1,
        1,
        1,
        1,
        null,
        1,
        3,
        2,
        null,
        null,
        null,
        1,
        3,
        1,
        null,
        null,
        null,
        1,
        1,
        1,
        1,
        1,
        null,
        1,
        1,
        null,
        null,
        null,
        1,
        1,
        3,
        null,
        null,
        null,
        null,
        1,
        1,
        1,
        1,
        1,
        null,
        1,
        1,
        null,
        null,
        null,
        1,
        1,
        3,
        null,
        null,
        null,
        null,
        null
      ],
      "/Volumes/machd/to_backup/repositories/open_source/arrayfu/spec/specs/item_constraint_spec.rb": [
        1,
        null,
        1,
        1,
        1,
        4,
        4,
        4,
        4,
        4,
        null,
        1,
        1,
        1,
        1,
        null,
        1,
        1,
        null,
        1,
        1,
        null,
        null,
        null,
        1,
        1,
        2,
        2,
        null,
        1,
        2,
        null,
        1,
        1,
        null,
        1,
        1,
        null,
        null,
        null,
        null,
        null
      ]
    },
    "timestamp": 1405512381
  }
}
